Arguments evaluate to
Help: 0
CPU: 1
GPU: 1
Format: csv
Log: Output[example.csv]
Error log: Output[example.err]
Poll: 1
Initial Wait: 0
Post Wait: 0
Debug: 1
Version: 0
Wrapped call: N/A
Tracking 10 CPU temperature sensors
Tracking 4 GPU temperature sensors
@@Initialized at 0.706473s
Updates completed in 0.00872014s
Updates completed in 0.652237s
Updates completed in 0.654778s
Updates completed in 0.653152s
Updates completed in 0.655416s
Updates completed in 0.652184s
Updates completed in 0.654956s
@@Shutdown at 12.1647s
Run shutdown with signal 2
Shutdown clean. Exiting...
